This is pdfTeX, Version 3.14159265-2.6-1.40.21 (MiKTeX 2.9.7400 64-bit) (preloaded format=pdflatex 2020.5.11)  21 JUN 2021 17:07
entering extended mode
**./refman.tex
(refman.tex
LaTeX2e <2020-02-02> patch level 5
L3 programming layer <2020-04-06>
("C:\Users\tombl\AppData\Local\Programs\MiKTeX 2.9\tex/latex/base\article.cls"
Document Class: article 2019/12/20 v1.4l Standard LaTeX document class
("C:\Users\tombl\AppData\Local\Programs\MiKTeX 2.9\tex/latex/base\size10.clo"
File: size10.clo 2019/12/20 v1.4l Standard LaTeX file (size option)
)
\c@part=\count167
\c@section=\count168
\c@subsection=\count169
\c@subsubsection=\count170
\c@paragraph=\count171
\c@subparagraph=\count172
\c@figure=\count173
\c@table=\count174
\abovecaptionskip=\skip47
\belowcaptionskip=\skip48
\bibindent=\dimen134
) ("C:\Users\tombl\AppData\Local\Programs\MiKTeX 2.9\tex/latex/base\ifthen.sty"
Package: ifthen 2014/09/29 v1.1c Standard LaTeX ifthen package (DPC)
) ("C:\Users\tombl\AppData\Local\Programs\MiKTeX 2.9\tex/latex/tools\array.sty"
Rollback for package 'array' requested -> date 2016-10-06.
         Best approximation is the release introduced on 2016-10-06.

("C:\Users\tombl\AppData\Local\Programs\MiKTeX 2.9\tex/latex/tools\array-2016-1
0-06.sty"
Package: array 2016/10/06 v2.4d Tabular extension package (FMi)
\col@sep=\dimen135
\extrarowheight=\dimen136
\NC@list=\toks15
\extratabsurround=\skip49
\backup@length=\skip50
))
("C:\Users\tombl\AppData\Local\Programs\MiKTeX 2.9\tex/latex/base\fixltx2e.sty"
Package: fixltx2e 2016/12/29 v2.1a fixes to LaTeX (obsolete)
Applying: [2015/01/01] Old fixltx2e package on input line 46.

Package fixltx2e Warning: fixltx2e is not required with releases after 2015
(fixltx2e)                All fixes are now in the LaTeX kernel.
(fixltx2e)                See the latexrelease package for details.

Already applied: [0000/00/00] Old fixltx2e package on input line 53.
) (doxygen.sty
Package: doxygen 

("C:\Users\tombl\AppData\Local\Programs\MiKTeX 2.9\tex/latex/base\alltt.sty"
Package: alltt 1997/06/16 v2.0g defines alltt environment
)
("C:\Users\tombl\AppData\Local\Programs\MiKTeX 2.9\tex/latex/tools\calc.sty"
Package: calc 2017/05/25 v4.3 Infix arithmetic (KKT,FJ)
\calc@Acount=\count175
\calc@Bcount=\count176
\calc@Adimen=\dimen137
\calc@Bdimen=\dimen138
\calc@Askip=\skip51
\calc@Bskip=\skip52
LaTeX Info: Redefining \setlength on input line 80.
LaTeX Info: Redefining \addtolength on input line 81.
\calc@Ccount=\count177
\calc@Cskip=\skip53
)
("C:\Users\tombl\AppData\Local\Programs\MiKTeX 2.9\tex/latex/float\float.sty"
Package: float 2001/11/08 v1.3d Float enhancements (AL)
\c@float@type=\count178
\float@exts=\toks16
\float@box=\box45
\@float@everytoks=\toks17
\@floatcapt=\box46
)
("C:\Users\tombl\AppData\Local\Programs\MiKTeX 2.9\tex/latex/tools\verbatim.sty
"
Package: verbatim 2019/11/10 v1.5r LaTeX2e package for verbatim enhancements
\every@verbatim=\toks18
\verbatim@line=\toks19
\verbatim@in@stream=\read2
)
("C:\Users\tombl\AppData\Local\Programs\MiKTeX 2.9\tex/latex/xcolor\xcolor.sty"
Package: xcolor 2016/05/11 v2.12 LaTeX color extensions (UK)

("C:\Users\tombl\AppData\Local\Programs\MiKTeX 2.9\tex/latex/graphics-cfg\color
.cfg"
File: color.cfg 2016/01/02 v1.6 sample color configuration
)
Package xcolor Info: Driver file: pdftex.def on input line 225.

("C:\Users\tombl\AppData\Local\Programs\MiKTeX 2.9\tex/latex/graphics-def\pdfte
x.def"
File: pdftex.def 2018/01/08 v1.0l Graphics/color driver for pdftex
)
("C:\Users\tombl\AppData\Local\Programs\MiKTeX 2.9\tex/latex/colortbl\colortbl.
sty"
Package: colortbl 2020/01/04 v1.0e Color table columns (DPC)
\everycr=\toks20
\minrowclearance=\skip54
)
\rownum=\count179
Package xcolor Info: Model `cmy' substituted by `cmy0' on input line 1348.
Package xcolor Info: Model `hsb' substituted by `rgb' on input line 1352.
Package xcolor Info: Model `RGB' extended on input line 1364.
Package xcolor Info: Model `HTML' substituted by `rgb' on input line 1366.
Package xcolor Info: Model `Hsb' substituted by `hsb' on input line 1367.
Package xcolor Info: Model `tHsb' substituted by `hsb' on input line 1368.
Package xcolor Info: Model `HSB' substituted by `hsb' on input line 1369.
Package xcolor Info: Model `Gray' substituted by `gray' on input line 1370.
Package xcolor Info: Model `wave' substituted by `hsb' on input line 1371.
) (longtable_doxygen.sty
Package: longtable_doxygen 2014/10/28 v4.11 Multi-page Table package (DPC) - fr
ozen version for doxygen
\LTleft=\skip55
\LTright=\skip56
\LTpre=\skip57
\LTpost=\skip58
\LTchunksize=\count180
\LTcapwidth=\dimen139
\LT@head=\box47
\LT@firsthead=\box48
\LT@foot=\box49
\LT@lastfoot=\box50
\LT@cols=\count181
\LT@rows=\count182
\c@LT@tables=\count183
\c@LT@chunks=\count184
\LT@p@ftn=\toks21
) (tabu_doxygen.sty
Package: tabu_doxygen 2011/02/26 v2.8 - flexible LaTeX tabulars (FC), frozen ve
rsion for doxygen

("C:\Users\tombl\AppData\Local\Programs\MiKTeX 2.9\tex/latex/varwidth\varwidth.
sty"
Package: varwidth 2009/03/30 ver 0.92;  Variable-width minipages
\@vwid@box=\box51
\sift@deathcycles=\count185
\@vwid@loff=\dimen140
\@vwid@roff=\dimen141
)
\c@taburow=\count186
\tabu@nbcols=\count187
\tabu@cnt=\count188
\tabu@Xcol=\count189
\tabu@alloc=\count190
\tabu@nested=\count191
\tabu@target=\dimen142
\tabu@spreadtarget=\dimen143
\tabu@naturalX=\dimen144
\tabucolX=\dimen145
\tabu@Xsum=\dimen146
\extrarowdepth=\dimen147
\abovetabulinesep=\dimen148
\belowtabulinesep=\dimen149
\tabustrutrule=\dimen150
\tabu@thebody=\toks22
\tabu@footnotes=\toks23
\tabu@box=\box52
\tabu@arstrutbox=\box53
\tabu@hleads=\box54
\tabu@vleads=\box55
\tabu@cellskip=\skip59
)
("C:\Users\tombl\AppData\Local\Programs\MiKTeX 2.9\tex/latex/fancyvrb\fancyvrb.
sty"
Package: fancyvrb 2021/01/20 v3.7 verbatim text (tvz,hv)

("C:\Users\tombl\AppData\Local\Programs\MiKTeX 2.9\tex/latex/graphics\keyval.st
y"
Package: keyval 2014/10/28 v1.15 key=value parser (DPC)
\KV@toks@=\toks24
)
\FV@CodeLineNo=\count192
\FV@InFile=\read3
\FV@TabBox=\box56
\c@FancyVerbLine=\count193
\FV@StepNumber=\count194
\FV@OutFile=\write3
)
("C:\Users\tombl\AppData\Local\Programs\MiKTeX 2.9\tex/latex/tools\tabularx.sty
"
Package: tabularx 2020/01/15 v2.11c `tabularx' package (DPC)
\TX@col@width=\dimen151
\TX@old@table=\dimen152
\TX@old@col=\dimen153
\TX@target=\dimen154
\TX@delta=\dimen155
\TX@cols=\count195
\TX@ftn=\toks25
)
("C:\Users\tombl\AppData\Local\Programs\MiKTeX 2.9\tex/latex/tools\multicol.sty
"
Package: multicol 2019/12/09 v1.8y multicolumn formatting (FMi)
\c@tracingmulticols=\count196
\mult@box=\box57
\multicol@leftmargin=\dimen156
\c@unbalance=\count197
\c@collectmore=\count198
\doublecol@number=\count199
\multicoltolerance=\count266
\multicolpretolerance=\count267
\full@width=\dimen157
\page@free=\dimen158
\premulticols=\dimen159
\postmulticols=\dimen160
\multicolsep=\skip60
\multicolbaselineskip=\skip61
\partial@page=\box58
\last@line=\box59
\maxbalancingoverflow=\dimen161
\mult@rightbox=\box60
\mult@grightbox=\box61
\mult@gfirstbox=\box62
\mult@firstbox=\box63
\@tempa=\box64
\@tempa=\box65
\@tempa=\box66
\@tempa=\box67
\@tempa=\box68
\@tempa=\box69
\@tempa=\box70
\@tempa=\box71
\@tempa=\box72
\@tempa=\box73
\@tempa=\box74
\@tempa=\box75
\@tempa=\box76
\@tempa=\box77
\@tempa=\box78
\@tempa=\box79
\@tempa=\box80
\@tempa=\box81
\@tempa=\box82
\@tempa=\box83
\@tempa=\box84
\@tempa=\box85
\@tempa=\box86
\@tempa=\box87
\@tempa=\box88
\@tempa=\box89
\@tempa=\box90
\@tempa=\box91
\@tempa=\box92
\@tempa=\box93
\@tempa=\box94
\@tempa=\box95
\@tempa=\box96
\@tempa=\box97
\@tempa=\box98
\@tempa=\box99
\@tempa=\box100
\c@minrows=\count268
\c@columnbadness=\count269
\c@finalcolumnbadness=\count270
\last@try=\dimen162
\multicolovershoot=\dimen163
\multicolundershoot=\dimen164
\mult@nat@firstbox=\box101
\colbreak@box=\box102
\mc@col@check@num=\count271
)
("C:\Users\tombl\AppData\Local\Programs\MiKTeX 2.9\tex/latex/multirow\multirow.
sty"
Package: multirow 2021/03/15 v2.8 Span multiple rows of a table
\multirow@colwidth=\skip62
\multirow@cntb=\count272
\multirow@dima=\skip63
\bigstrutjot=\dimen165
)
("C:\Users\tombl\AppData\Local\Programs\MiKTeX 2.9\tex/latex/hanging\hanging.st
y"
Package: hanging 2009/09/02 v1.2b hanging paragraphs and punctuation
\h@ngcommawd=\skip64
\h@ngfstopwd=\skip65
\h@ngquotewd=\skip66
\h@ngdquotewd=\skip67
\h@ngquerywd=\skip68
\h@ngexclwd=\skip69
\h@ngcolonwd=\skip70
\h@ngscolonwd=\skip71
)
("C:\Users\tombl\AppData\Local\Programs\MiKTeX 2.9\tex/generic/iftex\ifpdf.sty"
Package: ifpdf 2019/10/25 v3.4 ifpdf legacy package. Use iftex instead.
("C:\Users\tombl\AppData\Local\Programs\MiKTeX 2.9\tex/generic/iftex\iftex.sty"
Package: iftex 2020/03/06 v1.0d TeX engine tests
))
("C:\Users\tombl\AppData\Local\Programs\MiKTeX 2.9\tex/latex/adjustbox\adjustbo
x.sty"
Package: adjustbox 2020/08/19 v1.3 Adjusting TeX boxes (trim, clip, ...)

("C:\Users\tombl\AppData\Local\Programs\MiKTeX 2.9\tex/latex/xkeyval\xkeyval.st
y"
Package: xkeyval 2014/12/03 v2.7a package option processing (HA)

("C:\Users\tombl\AppData\Local\Programs\MiKTeX 2.9\tex/generic/xkeyval\xkeyval.
tex"
("C:\Users\tombl\AppData\Local\Programs\MiKTeX 2.9\tex/generic/xkeyval\xkvutils
.tex"
\XKV@toks=\toks26
\XKV@tempa@toks=\toks27
)
\XKV@depth=\count273
File: xkeyval.tex 2014/12/03 v2.7a key=value parser (HA)
))
("C:\Users\tombl\AppData\Local\Programs\MiKTeX 2.9\tex/latex/adjustbox\adjcalc.
sty"
Package: adjcalc 2012/05/16 v1.1 Provides advanced setlength with multiple back
-ends (calc, etex, pgfmath)
)
("C:\Users\tombl\AppData\Local\Programs\MiKTeX 2.9\tex/latex/adjustbox\trimclip
.sty"
Package: trimclip 2020/08/19 v1.2 Trim and clip general TeX material

("C:\Users\tombl\AppData\Local\Programs\MiKTeX 2.9\tex/latex/graphics\graphicx.
sty"
Package: graphicx 2019/11/30 v1.2a Enhanced LaTeX Graphics (DPC,SPQR)

("C:\Users\tombl\AppData\Local\Programs\MiKTeX 2.9\tex/latex/graphics\graphics.
sty"
Package: graphics 2019/11/30 v1.4a Standard LaTeX Graphics (DPC,SPQR)

("C:\Users\tombl\AppData\Local\Programs\MiKTeX 2.9\tex/latex/graphics\trig.sty"
Package: trig 2016/01/03 v1.10 sin cos tan (DPC)
)
("C:\Users\tombl\AppData\Local\Programs\MiKTeX 2.9\tex/latex/graphics-cfg\graph
ics.cfg"
File: graphics.cfg 2016/06/04 v1.11 sample graphics configuration
)
Package graphics Info: Driver file: pdftex.def on input line 105.
)
\Gin@req@height=\dimen166
\Gin@req@width=\dimen167
)
("C:\Users\tombl\AppData\Local\Programs\MiKTeX 2.9\tex/latex/collectbox\collect
box.sty"
Package: collectbox 2012/05/17 v0.4b Collect macro arguments as boxes
\collectedbox=\box103
)
\tc@llx=\dimen168
\tc@lly=\dimen169
\tc@urx=\dimen170
\tc@ury=\dimen171
Package trimclip Info: Using driver 'tc-pdftex.def'.

("C:\Users\tombl\AppData\Local\Programs\MiKTeX 2.9\tex/latex/adjustbox\tc-pdfte
x.def"
File: tc-pdftex.def 2019/01/04 v2.2 Clipping driver for pdftex
))
\adjbox@Width=\dimen172
\adjbox@Height=\dimen173
\adjbox@Depth=\dimen174
\adjbox@Totalheight=\dimen175
\adjbox@pwidth=\dimen176
\adjbox@pheight=\dimen177
\adjbox@pdepth=\dimen178
\adjbox@ptotalheight=\dimen179

("C:\Users\tombl\AppData\Local\Programs\MiKTeX 2.9\tex/latex/ifoddpage\ifoddpag
e.sty"
Package: ifoddpage 2016/04/23 v1.1 Conditionals for odd/even page detection
\c@checkoddpage=\count274
))
("C:\Users\tombl\AppData\Local\Programs\MiKTeX 2.9\tex/latex/amsfonts\amssymb.s
ty"
Package: amssymb 2013/01/14 v3.01 AMS font symbols

("C:\Users\tombl\AppData\Local\Programs\MiKTeX 2.9\tex/latex/amsfonts\amsfonts.
sty"
Package: amsfonts 2013/01/14 v3.01 Basic AMSFonts support
\@emptytoks=\toks28
\symAMSa=\mathgroup4
\symAMSb=\mathgroup5
LaTeX Font Info:    Redeclaring math symbol \hbar on input line 98.
LaTeX Font Info:    Overwriting math alphabet `\mathfrak' in version `bold'
(Font)                  U/euf/m/n --> U/euf/b/n on input line 106.
))
("C:\Users\tombl\AppData\Local\Programs\MiKTeX 2.9\tex/latex/stackengine\stacke
ngine.sty"
Package: stackengine 2017/02/13 v4.01\ Stacking text and objects in convenient 
ways

("C:\Users\tombl\AppData\Local\Programs\MiKTeX 2.9\tex/latex/etoolbox\etoolbox.
sty"
Package: etoolbox 2019/09/21 v2.5h e-TeX tools for LaTeX (JAW)
\etb@tempcnta=\count275
)
("C:\Users\tombl\AppData\Local\Programs\MiKTeX 2.9\tex/latex/listofitems\listof
items.sty"
("C:\Users\tombl\AppData\Local\Programs\MiKTeX 2.9\tex/generic/listofitems\list
ofitems.tex"
\loi_cnt_foreach_nest=\count276
\loi_nestcnt=\count277
)
Package: listofitems 2019/08/21 v1.63 Grab items in lists using user-specified 
sep char (CT)
)
\c@@stackindex=\count278
\@boxshift=\skip72
\stack@tmplength=\skip73
\temp@stkl=\skip74
\@stackedboxwidth=\skip75
\@addedbox=\box104
\@anchorbox=\box105
\stackedbox=\box106
\@centerbox=\box107
\c@ROWcellindex@=\count279
)
("C:\Users\tombl\AppData\Local\Programs\MiKTeX 2.9\tex/latex/ulem\ulem.sty"
\UL@box=\box108
\UL@hyphenbox=\box109
\UL@skip=\skip76
\UL@hook=\toks29
\UL@height=\dimen180
\UL@pe=\count280
\UL@pixel=\dimen181
\ULC@box=\box110
Package: ulem 2019/11/18
\ULdepth=\dimen182
)
\xrefbox=\box111
\xreflength=\skip77
\CodeWidthChar=\skip78
\CodeHeightChar=\skip79
\DoxyCodeWidth=\skip80
)
("C:\Users\tombl\AppData\Local\Programs\MiKTeX 2.9\tex/latex/base\inputenc.sty"
Package: inputenc 2018/08/11 v1.3c Input encoding file
\inpenc@prehook=\toks30
\inpenc@posthook=\toks31
) ("C:\Users\tombl\AppData\Local\Programs\MiKTeX 2.9\tex/latex/base\makeidx.sty
"
Package: makeidx 2014/09/29 v1.0m Standard LaTeX package
)
("C:\Users\tombl\AppData\Local\Programs\MiKTeX 2.9\tex/latex/base\textcomp.sty"
Package: textcomp 2020/02/02 v2.0n Standard LaTeX package
)
("C:\Users\tombl\AppData\Local\Programs\MiKTeX 2.9\tex/latex/wasysym\wasysym.st
y"
Package: wasysym 2020/01/19 v2.4 Wasy-2 symbol support package
\symwasy=\mathgroup6
LaTeX Font Info:    Overwriting symbol font `wasy' in version `bold'
(Font)                  U/wasy/m/n --> U/wasy/b/n on input line 93.
)
("C:\Users\tombl\AppData\Local\Programs\MiKTeX 2.9\tex/generic/iftex\ifxetex.st
y"
Package: ifxetex 2019/10/25 v0.7 ifxetex legacy package. Use iftex instead.
)
("C:\Users\tombl\AppData\Local\Programs\MiKTeX 2.9\tex/latex/base\fontenc.sty"
Package: fontenc 2020/02/11 v2.0o Standard LaTeX package
) ("C:\Users\tombl\AppData\Local\Programs\MiKTeX 2.9\tex/latex/psnfss\helvet.st
y"
Package: helvet 2020/03/25 PSNFSS-v9.3 (WaS) 
)
("C:\Users\tombl\AppData\Local\Programs\MiKTeX 2.9\tex/latex/psnfss\courier.sty
"
Package: courier 2020/03/25 PSNFSS-v9.3 (WaS) 
)
("C:\Users\tombl\AppData\Local\Programs\MiKTeX 2.9\tex/latex/sectsty\sectsty.st
y"
Package: sectsty 2002/02/25 v2.0.2 Commands to change all sectional heading sty
les


LaTeX Warning: Command \underbar  has changed.
               Check if current package is valid.


LaTeX Warning: Command \underline  has changed.
               Check if current package is valid.

)
("C:\Users\tombl\AppData\Local\Programs\MiKTeX 2.9\tex/latex/geometry\geometry.
sty"
Package: geometry 2020/01/02 v5.9 Page Geometry

("C:\Users\tombl\AppData\Local\Programs\MiKTeX 2.9\tex/generic/iftex\ifvtex.sty
"
Package: ifvtex 2019/10/25 v1.7 ifvtex legacy package. Use iftex instead.
)
\Gm@cnth=\count281
\Gm@cntv=\count282
\c@Gm@tempcnt=\count283
\Gm@bindingoffset=\dimen183
\Gm@wd@mp=\dimen184
\Gm@odd@mp=\dimen185
\Gm@even@mp=\dimen186
\Gm@layoutwidth=\dimen187
\Gm@layoutheight=\dimen188
\Gm@layouthoffset=\dimen189
\Gm@layoutvoffset=\dimen190
\Gm@dimlist=\toks32

("C:\Users\tombl\AppData\Local\Programs\MiKTeX 2.9\tex/latex/geometry\geometry.
cfg"))
("C:\Users\tombl\AppData\Local\Programs\MiKTeX 2.9\tex/latex/fancyhdr\fancyhdr.
sty"
Package: fancyhdr 2021/01/28 v4.0.1 Extensive control of page headers and foote
rs
\f@nch@headwidth=\skip81
\f@nch@O@elh=\skip82
\f@nch@O@erh=\skip83
\f@nch@O@olh=\skip84
\f@nch@O@orh=\skip85
\f@nch@O@elf=\skip86
\f@nch@O@erf=\skip87
\f@nch@O@olf=\skip88
\f@nch@O@orf=\skip89
)
("C:\Users\tombl\AppData\Local\Programs\MiKTeX 2.9\tex/latex/natbib\natbib.sty"
Package: natbib 2010/09/13 8.31b (PWD, AO)
\bibhang=\skip90
\bibsep=\skip91
LaTeX Info: Redefining \cite on input line 694.
\c@NAT@ctr=\count284
)
("C:\Users\tombl\AppData\Local\Programs\MiKTeX 2.9\tex/latex/tocloft\tocloft.st
y"
Package: tocloft 2017/08/31 v2.3i parameterised ToC, etc., typesetting
Package tocloft Info: The document has section divisions on input line 51.
\cftparskip=\skip92
\cftbeforetoctitleskip=\skip93
\cftaftertoctitleskip=\skip94
\cftbeforepartskip=\skip95
\cftpartnumwidth=\skip96
\cftpartindent=\skip97
\cftbeforesecskip=\skip98
\cftsecindent=\skip99
\cftsecnumwidth=\skip100
\cftbeforesubsecskip=\skip101
\cftsubsecindent=\skip102
\cftsubsecnumwidth=\skip103
\cftbeforesubsubsecskip=\skip104
\cftsubsubsecindent=\skip105
\cftsubsubsecnumwidth=\skip106
\cftbeforeparaskip=\skip107
\cftparaindent=\skip108
\cftparanumwidth=\skip109
\cftbeforesubparaskip=\skip110
\cftsubparaindent=\skip111
\cftsubparanumwidth=\skip112
\cftbeforeloftitleskip=\skip113
\cftafterloftitleskip=\skip114
\cftbeforefigskip=\skip115
\cftfigindent=\skip116
\cftfignumwidth=\skip117
\c@lofdepth=\count285
\c@lotdepth=\count286
\cftbeforelottitleskip=\skip118
\cftafterlottitleskip=\skip119
\cftbeforetabskip=\skip120
\cfttabindent=\skip121
\cfttabnumwidth=\skip122
)
\@indexfile=\write4
\openout4 = `refman.idx'.


Writing index file refman.idx

("C:\Users\tombl\AppData\Local\Programs\MiKTeX 2.9\tex/latex/newunicodechar\new
unicodechar.sty"
Package: newunicodechar 2018/04/08 v1.2 Defining Unicode characters
)

Package newunicodechar Warning: Redefining Unicode character on input line 112.



Package newunicodechar Warning: Redefining Unicode character on input line 113.



("C:\Users\tombl\AppData\Local\Programs\MiKTeX 2.9\tex/latex/hyperref\hyperref.
sty"
Package: hyperref 2020/01/14 v7.00d Hypertext links for LaTeX

("C:\Users\tombl\AppData\Local\Programs\MiKTeX 2.9\tex/generic/ltxcmds\ltxcmds.
sty"
Package: ltxcmds 2019/12/15 v1.24 LaTeX kernel commands for general use (HO)
)
("C:\Users\tombl\AppData\Local\Programs\MiKTeX 2.9\tex/latex/pdftexcmds\pdftexc
mds.sty"
Package: pdftexcmds 2019/11/24 v0.31 Utility functions of pdfTeX for LuaTeX (HO
)

("C:\Users\tombl\AppData\Local\Programs\MiKTeX 2.9\tex/generic/infwarerr\infwar
err.sty"
Package: infwarerr 2019/12/03 v1.5 Providing info/warning/error messages (HO)
)
Package pdftexcmds Info: \pdf@primitive is available.
Package pdftexcmds Info: \pdf@ifprimitive is available.
Package pdftexcmds Info: \pdfdraftmode found.
)
("C:\Users\tombl\AppData\Local\Programs\MiKTeX 2.9\tex/generic/kvsetkeys\kvsetk
eys.sty"
Package: kvsetkeys 2019/12/15 v1.18 Key value parser (HO)
)
("C:\Users\tombl\AppData\Local\Programs\MiKTeX 2.9\tex/generic/kvdefinekeys\kvd
efinekeys.sty"
Package: kvdefinekeys 2019-12-19 v1.6 Define keys (HO)
)
("C:\Users\tombl\AppData\Local\Programs\MiKTeX 2.9\tex/generic/pdfescape\pdfesc
ape.sty"
Package: pdfescape 2019/12/09 v1.15 Implements pdfTeX's escape features (HO)
)
("C:\Users\tombl\AppData\Local\Programs\MiKTeX 2.9\tex/latex/hycolor\hycolor.st
y"
Package: hycolor 2020-01-27 v1.10 Color options for hyperref/bookmark (HO)
)
("C:\Users\tombl\AppData\Local\Programs\MiKTeX 2.9\tex/latex/letltxmacro\letltx
macro.sty"
Package: letltxmacro 2019/12/03 v1.6 Let assignment for LaTeX macros (HO)
)
("C:\Users\tombl\AppData\Local\Programs\MiKTeX 2.9\tex/latex/auxhook\auxhook.st
y"
Package: auxhook 2019-12-17 v1.6 Hooks for auxiliary files (HO)
)
("C:\Users\tombl\AppData\Local\Programs\MiKTeX 2.9\tex/latex/kvoptions\kvoption
s.sty"
Package: kvoptions 2019/11/29 v3.13 Key value format for package options (HO)
)
\@linkdim=\dimen191
\Hy@linkcounter=\count287
\Hy@pagecounter=\count288

("C:\Users\tombl\AppData\Local\Programs\MiKTeX 2.9\tex/latex/hyperref\pd1enc.de
f"
File: pd1enc.def 2020/01/14 v7.00d Hyperref: PDFDocEncoding definition (HO)
Now handling font encoding PD1 ...
... no UTF-8 mapping file for font encoding PD1
)
("C:\Users\tombl\AppData\Local\Programs\MiKTeX 2.9\tex/generic/intcalc\intcalc.
sty"
Package: intcalc 2019/12/15 v1.3 Expandable calculations with integers (HO)
)
("C:\Users\tombl\AppData\Local\Programs\MiKTeX 2.9\tex/generic/etexcmds\etexcmd
s.sty"
Package: etexcmds 2019/12/15 v1.7 Avoid name clashes with e-TeX commands (HO)
)
\Hy@SavedSpaceFactor=\count289
Package hyperref Info: Hyper figures OFF on input line 4547.
Package hyperref Info: Link nesting OFF on input line 4552.
Package hyperref Info: Hyper index ON on input line 4555.
Package hyperref Info: Plain pages OFF on input line 4562.
Package hyperref Info: Backreferencing ON on input line 4565.
Package hyperref Info: Implicit mode ON; LaTeX internals redefined.
Package hyperref Info: Bookmarks ON on input line 4800.

("C:\Users\tombl\AppData\Local\Programs\MiKTeX 2.9\tex/latex/hyperref\backref.s
ty"
Package: backref 2020/01/14 v1.40 Bibliographical back referencing

("C:\Users\tombl\AppData\Local\Programs\MiKTeX 2.9\tex/latex/rerunfilecheck\rer
unfilecheck.sty"
Package: rerunfilecheck 2019/12/05 v1.9 Rerun checks for auxiliary files (HO)

("C:\Users\tombl\AppData\Local\Programs\MiKTeX 2.9\tex/latex/atveryend\atveryen
d.sty"
Package: atveryend 2019-12-11 v1.11 Hooks at the very end of document (HO)
)
("C:\Users\tombl\AppData\Local\Programs\MiKTeX 2.9\tex/generic/uniquecounter\un
iquecounter.sty"
Package: uniquecounter 2019/12/15 v1.4 Provide unlimited unique counter (HO)

("C:\Users\tombl\AppData\Local\Programs\MiKTeX 2.9\tex/generic/bigintcalc\bigin
tcalc.sty"
Package: bigintcalc 2019/12/15 v1.5 Expandable calculations on big integers (HO
)
))
Package uniquecounter Info: New unique counter `rerunfilecheck' on input line 2
86.
))
\c@Hy@tempcnt=\count290

("C:\Users\tombl\AppData\Local\Programs\MiKTeX 2.9\tex/latex/url\url.sty"
\Urlmuskip=\muskip16
Package: url 2013/09/16  ver 3.4  Verb mode for urls, etc.
)
LaTeX Info: Redefining \url on input line 5159.
\XeTeXLinkMargin=\dimen192

("C:\Users\tombl\AppData\Local\Programs\MiKTeX 2.9\tex/generic/bitset\bitset.st
y"
Package: bitset 2019/12/09 v1.3 Handle bit-vector datatype (HO)
)
\Fld@menulength=\count291
\Field@Width=\dimen193
\Fld@charsize=\dimen194
Package hyperref Info: Hyper figures OFF on input line 6430.
Package hyperref Info: Link nesting OFF on input line 6435.
Package hyperref Info: Hyper index ON on input line 6438.
Package hyperref Info: backreferencing ON on input line 6443.
Package hyperref Info: Link coloring OFF on input line 6450.
Package hyperref Info: Link coloring with OCG OFF on input line 6455.
Package hyperref Info: PDF/A mode OFF on input line 6460.
LaTeX Info: Redefining \ref on input line 6500.
LaTeX Info: Redefining \pageref on input line 6504.

("C:\Users\tombl\AppData\Local\Programs\MiKTeX 2.9\tex/generic/atbegshi\atbegsh
i.sty"
Package: atbegshi 2019/12/05 v1.19 At begin shipout hook (HO)
)
\Hy@abspage=\count292
\c@Item=\count293
\c@Hfootnote=\count294
)
Package hyperref Info: Driver: hpdftex.

("C:\Users\tombl\AppData\Local\Programs\MiKTeX 2.9\tex/latex/hyperref\hpdftex.d
ef"
File: hpdftex.def 2020/01/14 v7.00d Hyperref driver for pdfTeX
\Fld@listcount=\count295
\c@bookmark@seq@number=\count296
\Hy@SectionHShift=\skip123
)
Package hyperref Info: Option `colorlinks' set `true' on input line 131.
Package hyperref Info: Option `unicode' set `true' on input line 131.

("C:\Users\tombl\AppData\Local\Programs\MiKTeX 2.9\tex/latex/hyperref\puenc.def
"
File: puenc.def 2020/01/14 v7.00d Hyperref: PDF Unicode definition (HO)
Now handling font encoding PU ...
... no UTF-8 mapping file for font encoding PU
)
("C:\Users\tombl\AppData\Local\Programs\MiKTeX 2.9\tex/latex/caption\caption.st
y"
Package: caption 2020/10/26 v3.5g Customizing captions (AR)

("C:\Users\tombl\AppData\Local\Programs\MiKTeX 2.9\tex/latex/caption\caption3.s
ty"
Package: caption3 2020/10/21 v2.2e caption3 kernel (AR)
\captionmargin=\dimen195
\captionmargin@=\dimen196
\captionwidth=\dimen197
\caption@tempdima=\dimen198
\caption@indent=\dimen199
\caption@parindent=\dimen256
\caption@hangindent=\dimen257
Package caption Info: Standard document class detected.
)
\c@caption@flags=\count297
\c@continuedfloat=\count298
Package caption Info: float package is loaded.
Package caption Info: hyperref package is loaded.
Package caption Info: longtable package is loaded.

("C:\Users\tombl\AppData\Local\Programs\MiKTeX 2.9\tex/latex/caption\ltcaption.
sty"
Package: ltcaption 2020/05/30 v1.4b longtable captions (AR)
))
("C:\Users\tombl\AppData\Local\Programs\MiKTeX 2.9\tex/latex/etoc\etoc.sty"
Package: etoc 2020/05/15 v1.09c Completely customisable TOCs (JFB)
\Etoc@toctoks=\toks33
\c@etoc@tocid=\count299
\c@etoc@tocdepth=\count300
\etoc@framed@titlebox=\box112
\etoc@framed@contentsbox=\box113
)
("C:\Users\tombl\AppData\Local\Programs\MiKTeX 2.9\tex/latex/l3backend\l3backen
d-pdfmode.def"
File: l3backend-pdfmode.def 2020-03-12 L3 backend support: PDF mode
\l__kernel_color_stack_int=\count301
\l__pdf_internal_box=\box114
) (refman.aux)
\openout1 = `refman.aux'.

LaTeX Font Info:    Checking defaults for OML/cmm/m/it on input line 146.
LaTeX Font Info:    ... okay on input line 146.
LaTeX Font Info:    Checking defaults for OMS/cmsy/m/n on input line 146.
LaTeX Font Info:    ... okay on input line 146.
LaTeX Font Info:    Checking defaults for OT1/cmr/m/n on input line 146.
LaTeX Font Info:    ... okay on input line 146.
LaTeX Font Info:    Checking defaults for T1/cmr/m/n on input line 146.
LaTeX Font Info:    ... okay on input line 146.
LaTeX Font Info:    Checking defaults for TS1/cmr/m/n on input line 146.
LaTeX Font Info:    ... okay on input line 146.
LaTeX Font Info:    Checking defaults for OMX/cmex/m/n on input line 146.
LaTeX Font Info:    ... okay on input line 146.
LaTeX Font Info:    Checking defaults for U/cmr/m/n on input line 146.
LaTeX Font Info:    ... okay on input line 146.
LaTeX Font Info:    Checking defaults for PD1/pdf/m/n on input line 146.
LaTeX Font Info:    ... okay on input line 146.
LaTeX Font Info:    Checking defaults for PU/pdf/m/n on input line 146.
LaTeX Font Info:    ... okay on input line 146.
LaTeX Font Info:    Trying to load font information for T1+phv on input line 14
6.

("C:\Users\tombl\AppData\Local\Programs\MiKTeX 2.9\tex/latex/psnfss\t1phv.fd"
File: t1phv.fd 2020/03/25 scalable font definitions for T1/phv.
)
LaTeX Font Info:    Font shape `T1/phv/m/n' will be
(Font)              scaled to size 8.99994pt on input line 146.

("C:\Users\tombl\AppData\Local\Programs\MiKTeX 2.9\tex/context/base/mkii\supp-p
df.mkii"
[Loading MPS to PDF converter (version 2006.09.02).]
\scratchcounter=\count302
\scratchdimen=\dimen258
\scratchbox=\box115
\nofMPsegments=\count303
\nofMParguments=\count304
\everyMPshowfont=\toks34
\MPscratchCnt=\count305
\MPscratchDim=\dimen259
\MPnumerator=\count306
\makeMPintoPDFobject=\count307
\everyMPtoPDFconversion=\toks35
)
("C:\Users\tombl\AppData\Local\Programs\MiKTeX 2.9\tex/latex/epstopdf-pkg\epsto
pdf-base.sty"
Package: epstopdf-base 2020-01-24 v2.11 Base part for package epstopdf
Package epstopdf-base Info: Redefining graphics rule for `.eps' on input line 4
85.
)
*geometry* driver: auto-detecting
*geometry* detected driver: pdftex
*geometry* verbose mode - [ preamble ] result:
* driver: pdftex
* paper: a4paper
* layout: <same size as paper>
* layoutoffset:(h,v)=(0.0pt,0.0pt)
* modes: twoside 
* h-part:(L,W,R)=(71.13188pt, 455.24411pt, 71.13188pt)
* v-part:(T,H,B)=(71.13188pt, 702.78308pt, 71.13188pt)
* \paperwidth=597.50787pt
* \paperheight=845.04684pt
* \textwidth=455.24411pt
* \textheight=702.78308pt
* \oddsidemargin=-1.1381pt
* \evensidemargin=-1.1381pt
* \topmargin=-38.1381pt
* \headheight=12.0pt
* \headsep=25.0pt
* \topskip=10.0pt
* \footskip=30.0pt
* \marginparwidth=121.0pt
* \marginparsep=11.0pt
* \columnsep=10.0pt
* \skip\footins=9.0pt plus 4.0pt minus 2.0pt
* \hoffset=0.0pt
* \voffset=0.0pt
* \mag=1000
* \@twocolumnfalse
* \@twosidetrue
* \@mparswitchtrue
* \@reversemarginfalse
* (1in=72.27pt=25.4mm, 1cm=28.453pt)

Package backref Info: ** backref set up for natbib ** on input line 146.
\AtBeginShipoutBox=\box116
Package hyperref Info: Link coloring ON on input line 146.

("C:\Users\tombl\AppData\Local\Programs\MiKTeX 2.9\tex/latex/hyperref\nameref.s
ty"
Package: nameref 2019/09/16 v2.46 Cross-referencing by name of section

("C:\Users\tombl\AppData\Local\Programs\MiKTeX 2.9\tex/latex/refcount\refcount.
sty"
Package: refcount 2019/12/15 v3.6 Data extraction from label references (HO)
)
("C:\Users\tombl\AppData\Local\Programs\MiKTeX 2.9\tex/generic/gettitlestring\g
ettitlestring.sty"
Package: gettitlestring 2019/12/15 v1.6 Cleanup title references (HO)
)
\c@section@level=\count308
)
LaTeX Info: Redefining \ref on input line 146.
LaTeX Info: Redefining \pageref on input line 146.
LaTeX Info: Redefining \nameref on input line 146.
 (refman.out) (refman.out)
\@outlinefile=\write5
\openout5 = `refman.out'.

Package caption Info: Begin \AtBeginDocument code.
Package caption Info: End \AtBeginDocument code.
\Etoc@tf=\read4
Package hyperref Info: Option `pageanchor' set `false' on input line 153.
Package hyperref Info: Option `bookmarksnumbered' set `true' on input line 153.

Package hyperref Info: Option `unicode' set `true' on input line 153.
LaTeX Font Info:    Font shape `T1/phv/m/n' will be
(Font)              scaled to size 12.9599pt on input line 158.
LaTeX Font Info:    Font shape `T1/phv/m/n' will be
(Font)              scaled to size 6.29996pt on input line 158.
LaTeX Font Info:    Trying to load font information for U+msa on input line 158
.

("C:\Users\tombl\AppData\Local\Programs\MiKTeX 2.9\tex/latex/amsfonts\umsa.fd"
File: umsa.fd 2013/01/14 v3.01 AMS symbols A
)
LaTeX Font Info:    Trying to load font information for U+msb on input line 158
.
("C:\Users\tombl\AppData\Local\Programs\MiKTeX 2.9\tex/latex/amsfonts\umsb.fd"
File: umsb.fd 2013/01/14 v3.01 AMS symbols B
)
LaTeX Font Info:    Trying to load font information for U+wasy on input line 15
8.
("C:\Users\tombl\AppData\Local\Programs\MiKTeX 2.9\tex/latex/wasysym\uwasy.fd"
File: uwasy.fd 2020/01/19 v2.4 Wasy-2 symbol font definitions
)
LaTeX Font Info:    Font shape `T1/phv/m/n' will be
(Font)              scaled to size 10.79993pt on input line 160.
[1

{C:/Users/tombl/AppData/Local/MiKTeX/2.9/pdftex/config/pdftex.map}]
\tf@toc=\write6
\openout6 = `refman.toc'.

LaTeX Font Info:    Font shape `T1/phv/b/n' will be
(Font)              scaled to size 8.99994pt on input line 165.
LaTeX Font Info:    Font shape `T1/phv/b/n' will be
(Font)              scaled to size 6.29996pt on input line 165.
 [1]
Package hyperref Info: Option `pageanchor' set `true' on input line 166.
LaTeX Font Info:    Font shape `T1/phv/b/n' will be
(Font)              scaled to size 12.9599pt on input line 169.

(hierarchy.tex
LaTeX Font Info:    Font shape `T1/phv/b/n' will be
(Font)              scaled to size 10.79993pt on input line 1.
) (annotated.tex [1]) (a00908.tex <./a00907.pdf

pdfTeX warning: pdflatex (file ./a00907.pdf): PDF inclusion: multiple pdfs with
 page group included in a single page
>
<a00907.pdf, id=330, 121.45375pt x 156.585pt>
File: a00907.pdf Graphic file (type pdf)
<use a00907.pdf>
Package pdftex.def Info: a00907.pdf  used on input line 10.
(pdftex.def)             Requested size: 121.0pt x 155.99922pt.
 <./a00906.pdf

pdfTeX warning: pdflatex (file ./a00906.pdf): PDF inclusion: multiple pdfs with
 page group included in a single page
>
<a00906.pdf, id=338, 221.82875pt x 257.96375pt>
File: a00906.pdf Graphic file (type pdf)
<use a00906.pdf>
Package pdftex.def Info: a00906.pdf  used on input line 20.
(pdftex.def)             Requested size: 221.0pt x 256.99873pt.
 [2]
LaTeX Font Info:    Trying to load font information for TS1+phv on input line 2
6.

("C:\Users\tombl\AppData\Local\Programs\MiKTeX 2.9\tex/latex/psnfss\ts1phv.fd"
File: ts1phv.fd 2020/03/25 scalable font definitions for TS1/phv.
)
LaTeX Font Info:    Font shape `TS1/phv/m/n' will be
(Font)              scaled to size 8.99994pt on input line 26.
LaTeX Font Info:    Font shape `T1/phv/m/n' will be
(Font)              scaled to size 7.19995pt on input line 38.
LaTeX Font Info:    Trying to load font information for T1+pcr on input line 38
.
("C:\Users\tombl\AppData\Local\Programs\MiKTeX 2.9\tex/latex/psnfss\t1pcr.fd"
File: t1pcr.fd 2001/06/04 font definitions for T1/pcr.
)
LaTeX Font Info:    Font shape `T1/pcr/m/it' in size <8> not available
(Font)              Font shape `T1/pcr/m/sl' tried instead on input line 38.
LaTeX Font Info:    Font shape `T1/pcr/m/it' in size <7> not available
(Font)              Font shape `T1/pcr/m/sl' tried instead on input line 38.

Overfull \vbox (36.3823pt too high) has occurred while \output is active []


[3]) (a00872.tex) (a00868.tex) (a00876.tex <./a00874.pdf>
<a00874.pdf, id=390, 438.63875pt x 302.12875pt>
File: a00874.pdf Graphic file (type pdf)
<use a00874.pdf>
Package pdftex.def Info: a00874.pdf  used on input line 10.
(pdftex.def)             Requested size: 350.0pt x 241.08095pt.
 [4] <./a00876_a5aea97a520d7326a9bfbb53cdc8ebd57_icgraph.pdf>
<a00876_a5aea97a520d7326a9bfbb53cdc8ebd57_icgraph.pdf, id=426, 250.9375pt x 100
.375pt>
File: a00876_a5aea97a520d7326a9bfbb53cdc8ebd57_icgraph.pdf Graphic file (type p
df)
<use a00876_a5aea97a520d7326a9bfbb53cdc8ebd57_icgraph.pdf>
Package pdftex.def Info: a00876_a5aea97a520d7326a9bfbb53cdc8ebd57_icgraph.pdf  
used on input line 63.
(pdftex.def)             Requested size: 250.0pt x 100.00562pt.
 [5]
Underfull \hbox (badness 10000) detected at line 87
[][][]
 []

 <./a00876_a83448d474e9706eb692d6d96846a2d93_cgraph.pdf>
<a00876_a83448d474e9706eb692d6d96846a2d93_cgraph.pdf, id=452, 250.9375pt x 100.
375pt>
File: a00876_a83448d474e9706eb692d6d96846a2d93_cgraph.pdf Graphic file (type pd
f)
<use a00876_a83448d474e9706eb692d6d96846a2d93_cgraph.pdf>
Package pdftex.def Info: a00876_a83448d474e9706eb692d6d96846a2d93_cgraph.pdf  u
sed on input line 99.
(pdftex.def)             Requested size: 250.0pt x 100.00562pt.
) (a00912.tex <./a00911.pdf

pdfTeX warning: pdflatex (file ./a00911.pdf): PDF inclusion: multiple pdfs with
 page group included in a single page
>
<a00911.pdf, id=460, 169.63374pt x 156.585pt>
File: a00911.pdf Graphic file (type pdf)
<use a00911.pdf>
Package pdftex.def Info: a00911.pdf  used on input line 10.
(pdftex.def)             Requested size: 169.0pt x 156.0064pt.
 <./a00910.pdf

pdfTeX warning: pdflatex (file ./a00910.pdf): PDF inclusion: multiple pdfs with
 page group included in a single page
>
<a00910.pdf, id=468, 252.945pt x 257.96375pt>
File: a00910.pdf Graphic file (type pdf)
<use a00910.pdf>
Package pdftex.def Info: a00910.pdf  used on input line 20.
(pdftex.def)             Requested size: 252.0pt x 257.00659pt.
 [6] [7] <./a00912_a1ecd18235ac745ed49d75d2348637312_cgraph.pdf>
<a00912_a1ecd18235ac745ed49d75d2348637312_cgraph.pdf, id=503, 316.18124pt x 100
.375pt>
File: a00912_a1ecd18235ac745ed49d75d2348637312_cgraph.pdf Graphic file (type pd
f)
<use a00912_a1ecd18235ac745ed49d75d2348637312_cgraph.pdf>
Package pdftex.def Info: a00912_a1ecd18235ac745ed49d75d2348637312_cgraph.pdf  u
sed on input line 75.
(pdftex.def)             Requested size: 315.0pt x 100.00716pt.

Underfull \hbox (badness 10000) detected at line 87
[][][]
 []

 <./a00912_a9b6ea371511c4e21aac90e9d519494b5_icgraph.pdf

pdfTeX warning: pdflatex (file ./a00912_a9b6ea371511c4e21aac90e9d519494b5_icgra
ph.pdf): PDF inclusion: multiple pdfs with page group included in a single page

>
<a00912_a9b6ea371511c4e21aac90e9d519494b5_icgraph.pdf, id=511, 316.18124pt x 10
0.375pt>
File: a00912_a9b6ea371511c4e21aac90e9d519494b5_icgraph.pdf Graphic file (type p
df)
<use a00912_a9b6ea371511c4e21aac90e9d519494b5_icgraph.pdf>
Package pdftex.def Info: a00912_a9b6ea371511c4e21aac90e9d519494b5_icgraph.pdf  
used on input line 99.
(pdftex.def)             Requested size: 315.0pt x 100.00716pt.
 [8]
Underfull \hbox (badness 10000) detected at line 108
[][][]
 []

 <./a00912_aa241112dfc26c6d070e58d3f569b3bae_icgraph.pdf>
<a00912_aa241112dfc26c6d070e58d3f569b3bae_icgraph.pdf, id=529, 344.28625pt x 11
1.41624pt>
File: a00912_aa241112dfc26c6d070e58d3f569b3bae_icgraph.pdf Graphic file (type p
df)
<use a00912_aa241112dfc26c6d070e58d3f569b3bae_icgraph.pdf>
Package pdftex.def Info: a00912_aa241112dfc26c6d070e58d3f569b3bae_icgraph.pdf  
used on input line 120.
(pdftex.def)             Requested size: 343.0pt x 111.00114pt.
) (a00880.tex <./a00878.pdf

pdfTeX warning: pdflatex (file ./a00878.pdf): PDF inclusion: multiple pdfs with
 page group included in a single page
>
<a00878.pdf, id=537, 438.63875pt x 234.8775pt>
File: a00878.pdf Graphic file (type pdf)
<use a00878.pdf>
Package pdftex.def Info: a00878.pdf  used on input line 10.
(pdftex.def)             Requested size: 350.0pt x 187.41841pt.
 [9] <./a00880_a00084448cb000d2fd9dfcf41074c65f4_cgraph.pdf>
<a00880_a00084448cb000d2fd9dfcf41074c65f4_cgraph.pdf, id=584, 338.26375pt x 111
.41624pt>
File: a00880_a00084448cb000d2fd9dfcf41074c65f4_cgraph.pdf Graphic file (type pd
f)
<use a00880_a00084448cb000d2fd9dfcf41074c65f4_cgraph.pdf>
Package pdftex.def Info: a00880_a00084448cb000d2fd9dfcf41074c65f4_cgraph.pdf  u
sed on input line 80.
(pdftex.def)             Requested size: 337.0pt x 111.00284pt.
 [10]
Underfull \hbox (badness 10000) detected at line 94
[][][]
 []

 <./a00880_a452805917381aab1b944c98baab4fc60_cgraph.pdf

pdfTeX warning: pdflatex (file ./a00880_a452805917381aab1b944c98baab4fc60_cgrap
h.pdf): PDF inclusion: multiple pdfs with page group included in a single page
>
<a00880_a452805917381aab1b944c98baab4fc60_cgraph.pdf, id=605, 364.36125pt x 209
.78375pt>
File: a00880_a452805917381aab1b944c98baab4fc60_cgraph.pdf Graphic file (type pd
f)
<use a00880_a452805917381aab1b944c98baab4fc60_cgraph.pdf>
Package pdftex.def Info: a00880_a452805917381aab1b944c98baab4fc60_cgraph.pdf  u
sed on input line 106.
(pdftex.def)             Requested size: 350.0pt x 201.52133pt.
 [11] <./a00880_a2172b57ab7bb05150203b0bb4d1a5690_cgraph.pdf>
<a00880_a2172b57ab7bb05150203b0bb4d1a5690_cgraph.pdf, id=625, 317.185pt x 160.6
pt>
File: a00880_a2172b57ab7bb05150203b0bb4d1a5690_cgraph.pdf Graphic file (type pd
f)
<use a00880_a2172b57ab7bb05150203b0bb4d1a5690_cgraph.pdf>
Package pdftex.def Info: a00880_a2172b57ab7bb05150203b0bb4d1a5690_cgraph.pdf  u
sed on input line 131.
(pdftex.def)             Requested size: 316.0pt x 160.0139pt.

Underfull \hbox (badness 10000) detected at line 145
[][][]
 []

 <./a00880_abc4126cefcc887bce2488b113a029fcf_cgraph.pdf

pdfTeX warning: pdflatex (file ./a00880_abc4126cefcc887bce2488b113a029fcf_cgrap
h.pdf): PDF inclusion: multiple pdfs with page group included in a single page
>
<a00880_abc4126cefcc887bce2488b113a029fcf_cgraph.pdf, id=633, 361.35pt x 111.41
624pt>
File: a00880_abc4126cefcc887bce2488b113a029fcf_cgraph.pdf Graphic file (type pd
f)
<use a00880_abc4126cefcc887bce2488b113a029fcf_cgraph.pdf>
Package pdftex.def Info: a00880_abc4126cefcc887bce2488b113a029fcf_cgraph.pdf  u
sed on input line 157.
(pdftex.def)             Requested size: 350.0pt x 107.9172pt.
 [12]) (a00888.tex

Package hyperref Warning: Token not allowed in a PDF string (Unicode):
(hyperref)                removing `math shift' on input line 1.


Package hyperref Warning: Token not allowed in a PDF string (Unicode):
(hyperref)                removing `math shift' on input line 1.


Package hyperref Warning: Token not allowed in a PDF string (Unicode):
(hyperref)                removing `math shift' on input line 1.


Package hyperref Warning: Token not allowed in a PDF string (Unicode):
(hyperref)                removing `math shift' on input line 1.

[13]
Underfull \hbox (badness 10000) detected at line 47
[][][]
 []


Underfull \hbox (badness 10000) detected at line 56
[][][]
 []

[14]) (a00916.tex <./a00915.pdf

pdfTeX warning: pdflatex (file ./a00915.pdf): PDF inclusion: multiple pdfs with
 page group included in a single page
>
<a00915.pdf, id=683, 288.07625pt x 156.585pt>
File: a00915.pdf Graphic file (type pdf)
<use a00915.pdf>
Package pdftex.def Info: a00915.pdf  used on input line 10.
(pdftex.def)             Requested size: 287.0pt x 156.0064pt.
 <./a00914.pdf

pdfTeX warning: pdflatex (file ./a00914.pdf): PDF inclusion: multiple pdfs with
 page group included in a single page
>
<a00914.pdf, id=691, 221.82875pt x 200.75pt>
File: a00914.pdf Graphic file (type pdf)
<use a00914.pdf>
Package pdftex.def Info: a00914.pdf  used on input line 20.
(pdftex.def)             Requested size: 221.0pt x 199.99901pt.
 [15] [16]
Underfull \hbox (badness 10000) detected at line 100
[][][]
 []


Underfull \hbox (badness 10000) detected at line 109
[][][]
 []


Underfull \hbox (badness 10000) detected at line 118
[][][]
 []


Underfull \hbox (badness 10000) detected at line 127
[][][]
 []


Underfull \hbox (badness 10000) detected at line 136
[][][]
 []

[17]) (a00920.tex [18]
Underfull \hbox (badness 10000) detected at line 31
[][][]
 []

[19]
Underfull \hbox (badness 10000) detected at line 45
[][][]
 []

 <./a00920_aaa3d861ecd3f88ad09fd63be1a3b4684_icgraph.pdf

pdfTeX warning: pdflatex (file ./a00920_aaa3d861ecd3f88ad09fd63be1a3b4684_icgra
ph.pdf): PDF inclusion: multiple pdfs with page group included in a single page

>
<a00920_aaa3d861ecd3f88ad09fd63be1a3b4684_icgraph.pdf, id=793, 367.3725pt x 111
.41624pt>
File: a00920_aaa3d861ecd3f88ad09fd63be1a3b4684_icgraph.pdf Graphic file (type p
df)
<use a00920_aaa3d861ecd3f88ad09fd63be1a3b4684_icgraph.pdf>
Package pdftex.def Info: a00920_aaa3d861ecd3f88ad09fd63be1a3b4684_icgraph.pdf  
used on input line 57.
(pdftex.def)             Requested size: 350.0pt x 106.15424pt.

Underfull \hbox (badness 10000) detected at line 73
[][][]
 []

 <./a00920_a6deb591b41ad15952e699f7d5a834123_icgraph.pdf

pdfTeX warning: pdflatex (file ./a00920_a6deb591b41ad15952e699f7d5a834123_icgra
ph.pdf): PDF inclusion: multiple pdfs with page group included in a single page

>
<a00920_a6deb591b41ad15952e699f7d5a834123_icgraph.pdf, id=803, 323.2075pt x 111
.41624pt>
File: a00920_a6deb591b41ad15952e699f7d5a834123_icgraph.pdf Graphic file (type p
df)
<use a00920_a6deb591b41ad15952e699f7d5a834123_icgraph.pdf>
Package pdftex.def Info: a00920_a6deb591b41ad15952e699f7d5a834123_icgraph.pdf  
used on input line 85.
(pdftex.def)             Requested size: 322.0pt x 111.00624pt.
) (a00884.tex <./a00882.pdf

pdfTeX warning: pdflatex (file ./a00882.pdf): PDF inclusion: multiple pdfs with
 page group included in a single page
>
<a00882.pdf, id=811, 150.5625pt x 167.62625pt>
File: a00882.pdf Graphic file (type pdf)
<use a00882.pdf>
Package pdftex.def Info: a00882.pdf  used on input line 10.
(pdftex.def)             Requested size: 150.0pt x 167.01451pt.
 [20] [21] <./a00884_a63aed8ff32e1222c4dcc49fabfa9fc4c_icgraph.pdf>
<a00884_a63aed8ff32e1222c4dcc49fabfa9fc4c_icgraph.pdf, id=846, 296.10625pt x 16
0.6pt>
File: a00884_a63aed8ff32e1222c4dcc49fabfa9fc4c_icgraph.pdf Graphic file (type p
df)
<use a00884_a63aed8ff32e1222c4dcc49fabfa9fc4c_icgraph.pdf>
Package pdftex.def Info: a00884_a63aed8ff32e1222c4dcc49fabfa9fc4c_icgraph.pdf  
used on input line 72.
(pdftex.def)             Requested size: 295.0pt x 160.0041pt.
)
(a00924.tex <./a00923.pdf

pdfTeX warning: pdflatex (file ./a00923.pdf): PDF inclusion: multiple pdfs with
 page group included in a single page
>
<a00923.pdf, id=854, 125.46875pt x 156.585pt>
File: a00923.pdf Graphic file (type pdf)
<use a00923.pdf>
Package pdftex.def Info: a00923.pdf  used on input line 10.
(pdftex.def)             Requested size: 125.0pt x 156.00879pt.
 [22] <./a00922.pdf>
<a00922.pdf, id=871, 221.82875pt x 257.96375pt>
File: a00922.pdf Graphic file (type pdf)
<use a00922.pdf>
Package pdftex.def Info: a00922.pdf  used on input line 20.
(pdftex.def)             Requested size: 221.0pt x 256.99873pt.
 [23]) (a00892.tex <./a00890.pdf>
<a00890.pdf, id=893, 218.8175pt x 189.70876pt>
File: a00890.pdf Graphic file (type pdf)
<use a00890.pdf>
Package pdftex.def Info: a00890.pdf  used on input line 10.
(pdftex.def)             Requested size: 218.0pt x 189.00197pt.
 [24]
Underfull \hbox (badness 10000) detected at line 81
[][][]
 []

[25]
Underfull \hbox (badness 10000) detected at line 90
[][][]
 []


Underfull \hbox (badness 10000) detected at line 99
[][][]
 []


Underfull \hbox (badness 10000) detected at line 108
[][][]
 []


Overfull \vbox (2.88455pt too high) has occurred while \output is active []


[26]) (a00896.tex <./a00895.pdf

pdfTeX warning: pdflatex (file ./a00895.pdf): PDF inclusion: multiple pdfs with
 page group included in a single page
>
<a00895.pdf, id=956, 166.6225pt x 156.585pt>
File: a00895.pdf Graphic file (type pdf)
<use a00895.pdf>
Package pdftex.def Info: a00895.pdf  used on input line 10.
(pdftex.def)             Requested size: 166.0pt x 156.01117pt.
 <./a00894.pdf

pdfTeX warning: pdflatex (file ./a00894.pdf): PDF inclusion: multiple pdfs with
 page group included in a single page
>
<a00894.pdf, id=964, 166.6225pt x 156.585pt>
File: a00894.pdf Graphic file (type pdf)
<use a00894.pdf>
Package pdftex.def Info: a00894.pdf  used on input line 20.
(pdftex.def)             Requested size: 166.0pt x 156.01117pt.
 [27]
Underfull \hbox (badness 10000) detected at line 57
[][][]
 []

) (a00900.tex <./a00898.pdf>
<a00898.pdf, id=992, 394.47375pt x 256.96pt>
File: a00898.pdf Graphic file (type pdf)
<use a00898.pdf>
Package pdftex.def Info: a00898.pdf  used on input line 10.
(pdftex.def)             Requested size: 350.0pt x 227.99184pt.
 [28] [29]
Underfull \hbox (badness 10000) detected at line 81
[][][]
 []


Underfull \hbox (badness 10000) detected at line 90
[][][]
 []


Underfull \hbox (badness 10000) detected at line 99
[][][]
 []

[30]
Underfull \hbox (badness 10000) detected at line 108
[][][]
 []

[31]) (a00904.tex <./a00903.pdf

pdfTeX warning: pdflatex (file ./a00903.pdf): PDF inclusion: multiple pdfs with
 page group included in a single page
>
<a00903.pdf, id=1075, 190.7125pt x 156.585pt>
File: a00903.pdf Graphic file (type pdf)
<use a00903.pdf>
Package pdftex.def Info: a00903.pdf  used on input line 10.
(pdftex.def)             Requested size: 190.0pt x 156.0064pt.
 <./a00902.pdf

pdfTeX warning: pdflatex (file ./a00902.pdf): PDF inclusion: multiple pdfs with
 page group included in a single page
>
<a00902.pdf, id=1083, 190.7125pt x 156.585pt>
File: a00902.pdf Graphic file (type pdf)
<use a00902.pdf>
Package pdftex.def Info: a00902.pdf  used on input line 20.
(pdftex.def)             Requested size: 190.0pt x 156.0064pt.
 [32]
Underfull \hbox (badness 10000) detected at line 63
[][][]
 []


Underfull \hbox (badness 10000) detected at line 77
[][][]
 []

 <./a00904_a5121633ca7b2aceb62eb7fc3b400f990_icgraph.pdf>
<a00904_a5121633ca7b2aceb62eb7fc3b400f990_icgraph.pdf, id=1120, 335.2525pt x 11
1.41624pt>
File: a00904_a5121633ca7b2aceb62eb7fc3b400f990_icgraph.pdf Graphic file (type p
df)
<use a00904_a5121633ca7b2aceb62eb7fc3b400f990_icgraph.pdf>
Package pdftex.def Info: a00904_a5121633ca7b2aceb62eb7fc3b400f990_icgraph.pdf  
used on input line 89.
(pdftex.def)             Requested size: 334.0pt x 110.99945pt.
 [33]
Underfull \hbox (badness 10000) detected at line 103
[][][]
 []

 <./a00904_a236ab97b4bc858f3e3ffa5b2492843fc_icgraph.pdf

pdfTeX warning: pdflatex (file ./a00904_a236ab97b4bc858f3e3ffa5b2492843fc_icgra
ph.pdf): PDF inclusion: multiple pdfs with page group included in a single page

>
<a00904_a236ab97b4bc858f3e3ffa5b2492843fc_icgraph.pdf, id=1136, 351.3125pt x 11
1.41624pt>
File: a00904_a236ab97b4bc858f3e3ffa5b2492843fc_icgraph.pdf Graphic file (type p
df)
<use a00904_a236ab97b4bc858f3e3ffa5b2492843fc_icgraph.pdf>
Package pdftex.def Info: a00904_a236ab97b4bc858f3e3ffa5b2492843fc_icgraph.pdf  
used on input line 115.
(pdftex.def)             Requested size: 350.0pt x 111.00795pt.
) [34] (refman.ind
LaTeX Font Info:    Font shape `T1/phv/bc/n' will be
(Font)              scaled to size 12.9599pt on input line 1.
 [35


] [36])
Package atveryend Info: Empty hook `BeforeClearDocument' on input line 198.
Package atveryend Info: Empty hook `AfterLastShipout' on input line 198.
 (refman.aux)
Package atveryend Info: Executing hook `AtVeryEndDocument' on input line 198.
Package atveryend Info: Executing hook `AtEndAfterFileList' on input line 198.
Package rerunfilecheck Info: File `refman.out' has not changed.
(rerunfilecheck)             Checksum: 8F8E7CB3B9366038061AB6BD4A1A5F1E;12177.
 ) 
Here is how much of TeX's memory you used:
 17382 strings out of 480930
 269600 string characters out of 2899761
 544369 words of memory out of 3000000
 32552 multiletter control sequences out of 15000+200000
 576573 words of font info for 88 fonts, out of 3000000 for 9000
 1141 hyphenation exceptions out of 8191
 55i,16n,97p,1148b,627s stack positions out of 5000i,500n,10000p,200000b,50000s
{C:/Users/tombl/AppData/Local/Programs/MiKTeX 2.9/fonts/enc/dvips/base/8r.enc
}<C:/Users/tombl/AppData/Local/Programs/MiKTeX 2.9/fonts/type1/public/amsfonts/
cm/cmmi10.pfb><C:/Users/tombl/AppData/Local/Programs/MiKTeX 2.9/fonts/type1/pub
lic/amsfonts/cm/cmmi12.pfb><C:/Users/tombl/AppData/Local/Programs/MiKTeX 2.9/fo
nts/type1/public/amsfonts/cm/cmmi8.pfb><C:/Users/tombl/AppData/Local/Programs/M
iKTeX 2.9/fonts/type1/urw/courier/ucrr8a.pfb><C:/Users/tombl/AppData/Local/Prog
rams/MiKTeX 2.9/fonts/type1/urw/courier/ucrro8a.pfb><C:/Users/tombl/AppData/Loc
al/Programs/MiKTeX 2.9/fonts/type1/urw/helvetic/uhvb8a.pfb><C:/Users/tombl/AppD
ata/Local/Programs/MiKTeX 2.9/fonts/type1/urw/helvetic/uhvb8ac.pfb><C:/Users/to
mbl/AppData/Local/Programs/MiKTeX 2.9/fonts/type1/urw/helvetic/uhvr8a.pfb><C:/U
sers/tombl/AppData/Local/Programs/MiKTeX 2.9/fonts/type1/urw/helvetic/uhvro8a.p
fb>
Output written on refman.pdf (38 pages, 764371 bytes).
PDF statistics:
 1392 PDF objects out of 1440 (max. 8388607)
 354 named destinations out of 1000 (max. 500000)
 580 words of extra memory for PDF output out of 10000 (max. 10000000)

